\BOOKMARK [1][-]{section.1}{Introduction}{}% 1
\BOOKMARK [1][-]{section.2}{Related Work}{}% 2
\BOOKMARK [1][-]{section.3}{Methodology}{}% 3
\BOOKMARK [1][-]{section.4}{Experimental Setup and Results}{}% 4
\BOOKMARK [2][-]{subsection.4.1}{Preset Strategy Analysis}{section.4}% 5
\BOOKMARK [2][-]{subsection.4.2}{Grid World}{section.4}% 6
\BOOKMARK [3][-]{subsubsection.4.2.1}{State-Action Space}{subsection.4.2}% 7
\BOOKMARK [3][-]{subsubsection.4.2.2}{Reward Function}{subsection.4.2}% 8
\BOOKMARK [3][-]{subsubsection.4.2.3}{Learning Method}{subsection.4.2}% 9
\BOOKMARK [3][-]{subsubsection.4.2.4}{Results}{subsection.4.2}% 10
\BOOKMARK [2][-]{subsection.4.3}{Interesting Points as States}{section.4}% 11
\BOOKMARK [3][-]{subsubsection.4.3.1}{State-Action Space}{subsection.4.3}% 12
\BOOKMARK [3][-]{subsubsection.4.3.2}{Reward Function}{subsection.4.3}% 13
\BOOKMARK [3][-]{subsubsection.4.3.3}{Learning Method}{subsection.4.3}% 14
\BOOKMARK [3][-]{subsubsection.4.3.4}{Results}{subsection.4.3}% 15
\BOOKMARK [2][-]{subsection.4.4}{Interesting Points and Transitions as States}{section.4}% 16
\BOOKMARK [3][-]{subsubsection.4.4.1}{State-Action Space}{subsection.4.4}% 17
\BOOKMARK [3][-]{subsubsection.4.4.2}{Reward Function}{subsection.4.4}% 18
\BOOKMARK [3][-]{subsubsection.4.4.3}{Learning Method}{subsection.4.4}% 19
\BOOKMARK [3][-]{subsubsection.4.4.4}{Results}{subsection.4.4}% 20
\BOOKMARK [1][-]{section.5}{Future Work}{}% 21
\BOOKMARK [2][-]{subsection.5.1}{Testing vs. Learning Agents}{section.5}% 22
\BOOKMARK [2][-]{subsection.5.2}{Higher-level Learning}{section.5}% 23
\BOOKMARK [1][-]{section.6}{Conclusion}{}% 24
\BOOKMARK [1][-]{section*.1}{References}{}% 25
